2024-05-23 21:20 UTC - INFO - src.utils.utils:format_phone_number:57 - FORMATTED PHONE NUMBER -- FROM - +380671063738 - TO - +380671063738
2024-05-23 21:20 UTC - ERROR - src.services.telnyx_service:send_sms:48 - FAIL TO SEND TELNYX MESSAGE  -- {'errors': [{'code': '10004', 'title': 'Missing required parameter', 'detail': 'Invalid source number.', 'meta': {'url': 'https://developers.telnyx.com/docs/overview/errors/10004'}}]}
2024-05-23 21:20 UTC - INFO - __main__:telnyx_sender:24 - CONTACTS UPDATED SUCCESSFULLY!!! ^_^
2024-05-23 21:20 UTC - ERROR - src.services.telnyx_service:check_delivery_status:30 - FAIL TO CHECK TELNYX DELIVERY STATUS -- {'errors': [{'code': '10006', 'title': 'Invalid ID', 'detail': 'The resource ID provided was invalid.', 'meta': {'url': 'https://developers.telnyx.com/docs/overview/errors/10006'}}]}
2024-05-23 21:22 UTC - INFO - src.utils.utils:format_phone_number:57 - FORMATTED PHONE NUMBER -- FROM - +380671063738 - TO - +380671063738
2024-05-23 21:22 UTC - ERROR - src.services.telnyx_service:send_sms:48 - FAIL TO SEND TELNYX MESSAGE  -- {'errors': [{'code': '40013', 'title': 'Invalid messaging source number', 'detail': 'The source phone number was deemed invalid by the carrier.', 'meta': {'url': 'https://developers.telnyx.com/docs/overview/errors/40013'}}]}
2024-05-23 21:22 UTC - INFO - __main__:telnyx_sender:24 - CONTACTS UPDATED SUCCESSFULLY!!! ^_^
2024-05-23 21:24 UTC - INFO - src.utils.utils:format_phone_number:57 - FORMATTED PHONE NUMBER -- FROM - +380671063738 - TO - +380671063738
2024-05-23 21:24 UTC - ERROR - src.services.telnyx_service:send_sms:48 - FAIL TO SEND TELNYX MESSAGE  -- {'errors': [{'code': '40013', 'title': 'Invalid messaging source number', 'detail': 'The source phone number was deemed invalid by the carrier.', 'meta': {'url': 'https://developers.telnyx.com/docs/overview/errors/40013'}}]}
2024-05-23 21:24 UTC - INFO - __main__:telnyx_sender:25 - CONTACTS UPDATED SUCCESSFULLY!!! ^_^
2024-05-23 21:25 UTC - INFO - src.utils.utils:format_phone_number:57 - FORMATTED PHONE NUMBER -- FROM - +380671063738 - TO - +380671063738
2024-05-23 21:25 UTC - ERROR - src.services.telnyx_service:send_sms:48 - FAIL TO SEND TELNYX MESSAGE  -- {'errors': [{'code': '10004', 'title': 'Missing required parameter', 'detail': 'Invalid source number.', 'meta': {'url': 'https://developers.telnyx.com/docs/overview/errors/10004'}}]}
2024-05-23 21:25 UTC - INFO - __main__:telnyx_sender:25 - CONTACTS UPDATED SUCCESSFULLY!!! ^_^
2024-05-23 21:29 UTC - INFO - src.utils.utils:format_phone_number:57 - FORMATTED PHONE NUMBER -- FROM - +380671063738 - TO - +380671063738
2024-05-23 21:29 UTC - ERROR - src.services.telnyx_service:send_sms:48 - FAIL TO SEND TELNYX MESSAGE  -- {'errors': [{'code': '10004', 'title': 'Missing required parameter', 'detail': 'Invalid source number.', 'meta': {'url': 'https://developers.telnyx.com/docs/overview/errors/10004'}}]}
2024-05-23 21:29 UTC - INFO - __main__:telnyx_sender:25 - CONTACTS UPDATED SUCCESSFULLY!!! ^_^
2024-05-23 21:30 UTC - INFO - src.utils.utils:format_phone_number:57 - FORMATTED PHONE NUMBER -- FROM - +380671063738 - TO - +380671063738
2024-05-23 21:30 UTC - ERROR - src.services.telnyx_service:send_sms:48 - FAIL TO SEND TELNYX MESSAGE  -- {'errors': [{'code': '10004', 'title': 'Missing required parameter', 'detail': 'Invalid source number.', 'meta': {'url': 'https://developers.telnyx.com/docs/overview/errors/10004'}}]}. STATUS CODE: 400
2024-05-23 21:30 UTC - INFO - __main__:telnyx_sender:25 - CONTACTS UPDATED SUCCESSFULLY!!! ^_^
2024-05-23 21:33 UTC - INFO - src.utils.utils:format_phone_number:57 - FORMATTED PHONE NUMBER -- FROM - +380671063738 - TO - +380671063738
2024-05-23 21:34 UTC - INFO - src.utils.utils:format_phone_number:57 - FORMATTED PHONE NUMBER -- FROM - +380671063738 - TO - +380671063738
2024-05-23 21:34 UTC - INFO - src.utils.utils:format_phone_number:57 - FORMATTED PHONE NUMBER -- FROM - +380671063738 - TO - +380671063738
2024-05-23 21:34 UTC - ERROR - src.services.telnyx_service:send_sms:48 - FAIL TO SEND TELNYX MESSAGE  -- {'errors': [{'code': '10004', 'title': 'Missing required parameter', 'detail': 'Invalid source number.', 'meta': {'url': 'https://developers.telnyx.com/docs/overview/errors/10004'}}]}.
                         PARAMETER: [{'code': '10004', 'title': 'Missing required parameter', 'detail': 'Invalid source number.', 'meta': {'url': 'https://developers.telnyx.com/docs/overview/errors/10004'}}]
2024-05-23 21:34 UTC - INFO - __main__:telnyx_sender:25 - CONTACTS UPDATED SUCCESSFULLY!!! ^_^
2024-05-23 21:35 UTC - INFO - src.utils.utils:format_phone_number:57 - FORMATTED PHONE NUMBER -- FROM - +380671063738 - TO - +380671063738
2024-05-23 21:35 UTC - ERROR - src.services.telnyx_service:send_sms:48 - FAIL TO SEND TELNYX MESSAGE  -- {'errors': [{'code': '10004', 'title': 'Missing required parameter', 'detail': 'Invalid source number.', 'meta': {'url': 'https://developers.telnyx.com/docs/overview/errors/10004'}}]}.
                         PARAMETER: <class 'list'>
2024-05-23 21:35 UTC - INFO - __main__:telnyx_sender:25 - CONTACTS UPDATED SUCCESSFULLY!!! ^_^
2024-05-23 21:35 UTC - INFO - src.utils.utils:format_phone_number:57 - FORMATTED PHONE NUMBER -- FROM - +380671063738 - TO - +380671063738
2024-05-23 21:35 UTC - ERROR - src.services.telnyx_service:send_sms:48 - FAIL TO SEND TELNYX MESSAGE  -- {'errors': [{'code': '10004', 'title': 'Missing required parameter', 'detail': 'Invalid source number.', 'meta': {'url': 'https://developers.telnyx.com/docs/overview/errors/10004'}}]}.
                         PARAMETER: {'code': '10004', 'title': 'Missing required parameter', 'detail': 'Invalid source number.', 'meta': {'url': 'https://developers.telnyx.com/docs/overview/errors/10004'}}
2024-05-23 21:35 UTC - INFO - __main__:telnyx_sender:25 - CONTACTS UPDATED SUCCESSFULLY!!! ^_^
2024-05-23 21:36 UTC - INFO - src.utils.utils:format_phone_number:57 - FORMATTED PHONE NUMBER -- FROM - +380671063738 - TO - +380671063738
2024-05-23 21:36 UTC - INFO - src.utils.utils:format_phone_number:57 - FORMATTED PHONE NUMBER -- FROM - +380671063738 - TO - +380671063738
2024-05-23 21:36 UTC - INFO - src.utils.utils:format_phone_number:57 - FORMATTED PHONE NUMBER -- FROM - +380671063738 - TO - +380671063738
2024-05-23 21:36 UTC - ERROR - src.services.telnyx_service:send_sms:48 - FAIL TO SEND TELNYX MESSAGE  -- {'errors': [{'code': '10004', 'title': 'Missing required parameter', 'detail': 'Invalid source number.', 'meta': {'url': 'https://developers.telnyx.com/docs/overview/errors/10004'}}]}.
                         PARAMETER: Invalid source number.
2024-05-23 21:36 UTC - INFO - __main__:telnyx_sender:25 - CONTACTS UPDATED SUCCESSFULLY!!! ^_^
2024-05-23 21:48 UTC - INFO - src.utils.utils:format_phone_number:57 - FORMATTED PHONE NUMBER -- FROM - +380671063738 - TO - +380671063738
2024-05-23 21:48 UTC - INFO - src.services.telnyx_service:send_sms:44 - SUCCESSFULLY SENT TELNYX MESSAGE TO +380671063738.
                        MESSAGE ID: 40318fa6-c86f-4b3e-bd23-4a4d4e1abfc5
2024-05-23 21:48 UTC - INFO - __main__:telnyx_sender:25 - CONTACTS UPDATED SUCCESSFULLY!!! ^_^
2024-05-23 21:48 UTC - INFO - src.services.telnyx_service:check_delivery_status:28 - SUCCESSFULLY CHECKED TELNYX DELIVERY STATUS FOR - 40318fa6-c86f-4b3e-bd23-4a4d4e1abfc5
2024-05-23 21:50 UTC - INFO - src.utils.utils:format_phone_number:57 - FORMATTED PHONE NUMBER -- FROM - +380671063738 - TO - +380671063738
2024-05-23 21:50 UTC - INFO - src.services.telnyx_service:send_sms:44 - SUCCESSFULLY SENT TELNYX MESSAGE TO +380671063738.
                        MESSAGE ID: 40318fa6-ca4d-48f7-bea6-ea9fd55ae712
2024-05-23 21:50 UTC - INFO - __main__:telnyx_sender:25 - CONTACTS UPDATED SUCCESSFULLY!!! ^_^
2024-05-23 21:50 UTC - INFO - src.services.telnyx_service:check_delivery_status:28 - SUCCESSFULLY CHECKED TELNYX DELIVERY STATUS FOR - 40318fa6-ca4d-48f7-bea6-ea9fd55ae712. STATUS sent
2024-05-23 21:59 UTC - INFO - src.utils.utils:format_phone_number:57 - FORMATTED PHONE NUMBER -- FROM - +380671063738 - TO - +380671063738
2024-05-23 21:59 UTC - INFO - src.services.telnyx_service:send_sms:44 - SUCCESSFULLY SENT TELNYX MESSAGE TO +380671063738.
                        MESSAGE ID: 40318fa6-d263-485d-bd75-02ad0d02c6e2
2024-05-23 21:59 UTC - INFO - __main__:telnyx_sender:25 - CONTACTS UPDATED SUCCESSFULLY!!! ^_^
2024-05-23 21:59 UTC - INFO - src.services.telnyx_service:check_delivery_status:28 - SUCCESSFULLY CHECKED TELNYX DELIVERY STATUS FOR - 40318fa6-d263-485d-bd75-02ad0d02c6e2. STATUS sent
2024-05-23 21:59 UTC - INFO - src.services.telnyx_service:check_delivery_status:28 - SUCCESSFULLY CHECKED TELNYX DELIVERY STATUS FOR - 40318fa6-d263-485d-bd75-02ad0d02c6e2. STATUS sent
2024-05-23 21:59 UTC - INFO - src.services.telnyx_service:check_delivery_status:28 - SUCCESSFULLY CHECKED TELNYX DELIVERY STATUS FOR - 40318fa6-d263-485d-bd75-02ad0d02c6e2. STATUS sent
2024-05-23 21:59 UTC - INFO - src.services.telnyx_service:check_delivery_status:28 - SUCCESSFULLY CHECKED TELNYX DELIVERY STATUS FOR - 40318fa6-d263-485d-bd75-02ad0d02c6e2. STATUS sent
2024-05-23 21:59 UTC - INFO - src.services.telnyx_service:check_delivery_status:28 - SUCCESSFULLY CHECKED TELNYX DELIVERY STATUS FOR - 40318fa6-d263-485d-bd75-02ad0d02c6e2. STATUS sent
2024-05-23 21:59 UTC - INFO - src.services.telnyx_service:check_delivery_status:28 - SUCCESSFULLY CHECKED TELNYX DELIVERY STATUS FOR - 40318fa6-d263-485d-bd75-02ad0d02c6e2. STATUS sent
2024-05-23 21:59 UTC - INFO - src.services.telnyx_service:check_delivery_status:28 - SUCCESSFULLY CHECKED TELNYX DELIVERY STATUS FOR - 40318fa6-d263-485d-bd75-02ad0d02c6e2. STATUS sent
2024-05-23 21:59 UTC - INFO - src.services.telnyx_service:check_delivery_status:28 - SUCCESSFULLY CHECKED TELNYX DELIVERY STATUS FOR - 40318fa6-d263-485d-bd75-02ad0d02c6e2. STATUS sent
2024-05-23 21:59 UTC - INFO - src.services.telnyx_service:check_delivery_status:28 - SUCCESSFULLY CHECKED TELNYX DELIVERY STATUS FOR - 40318fa6-d263-485d-bd75-02ad0d02c6e2. STATUS sent
2024-05-23 21:59 UTC - INFO - src.services.telnyx_service:check_delivery_status:28 - SUCCESSFULLY CHECKED TELNYX DELIVERY STATUS FOR - 40318fa6-d263-485d-bd75-02ad0d02c6e2. STATUS sent
2024-05-23 21:59 UTC - INFO - src.services.telnyx_service:check_delivery_status:28 - SUCCESSFULLY CHECKED TELNYX DELIVERY STATUS FOR - 40318fa6-d263-485d-bd75-02ad0d02c6e2. STATUS sent
2024-05-23 21:59 UTC - INFO - src.services.telnyx_service:check_delivery_status:28 - SUCCESSFULLY CHECKED TELNYX DELIVERY STATUS FOR - 40318fa6-d263-485d-bd75-02ad0d02c6e2. STATUS sent
2024-05-23 21:59 UTC - INFO - src.services.telnyx_service:check_delivery_status:28 - SUCCESSFULLY CHECKED TELNYX DELIVERY STATUS FOR - 40318fa6-d263-485d-bd75-02ad0d02c6e2. STATUS sent
2024-05-23 21:59 UTC - INFO - src.services.telnyx_service:check_delivery_status:28 - SUCCESSFULLY CHECKED TELNYX DELIVERY STATUS FOR - 40318fa6-d263-485d-bd75-02ad0d02c6e2. STATUS sent
2024-05-23 21:59 UTC - INFO - src.services.telnyx_service:check_delivery_status:28 - SUCCESSFULLY CHECKED TELNYX DELIVERY STATUS FOR - 40318fa6-d263-485d-bd75-02ad0d02c6e2. STATUS sent
2024-05-23 21:59 UTC - INFO - src.utils.utils:format_phone_number:57 - FORMATTED PHONE NUMBER -- FROM - +380671063738 - TO - +380671063738
2024-05-23 21:59 UTC - INFO - src.services.telnyx_service:send_sms:44 - SUCCESSFULLY SENT TELNYX MESSAGE TO +380671063738.
                        MESSAGE ID: 40318fa6-d2c4-482f-be4b-9f28fbfedf7a
2024-05-23 21:59 UTC - INFO - __main__:telnyx_sender:25 - CONTACTS UPDATED SUCCESSFULLY!!! ^_^
2024-05-23 21:59 UTC - INFO - src.services.telnyx_service:check_delivery_status:28 - SUCCESSFULLY CHECKED TELNYX DELIVERY STATUS FOR - 40318fa6-d2c4-482f-be4b-9f28fbfedf7a. STATUS sent
2024-05-23 21:59 UTC - INFO - src.services.telnyx_service:check_delivery_status:28 - SUCCESSFULLY CHECKED TELNYX DELIVERY STATUS FOR - 40318fa6-d2c4-482f-be4b-9f28fbfedf7a. STATUS sent
2024-05-23 21:59 UTC - INFO - src.services.telnyx_service:check_delivery_status:28 - SUCCESSFULLY CHECKED TELNYX DELIVERY STATUS FOR - 40318fa6-d2c4-482f-be4b-9f28fbfedf7a. STATUS sent
2024-05-23 21:59 UTC - INFO - src.services.telnyx_service:check_delivery_status:28 - SUCCESSFULLY CHECKED TELNYX DELIVERY STATUS FOR - 40318fa6-d2c4-482f-be4b-9f28fbfedf7a. STATUS sent
2024-05-23 21:59 UTC - INFO - src.services.telnyx_service:check_delivery_status:28 - SUCCESSFULLY CHECKED TELNYX DELIVERY STATUS FOR - 40318fa6-d2c4-482f-be4b-9f28fbfedf7a. STATUS sent
2024-05-23 21:59 UTC - INFO - src.services.telnyx_service:check_delivery_status:28 - SUCCESSFULLY CHECKED TELNYX DELIVERY STATUS FOR - 40318fa6-d2c4-482f-be4b-9f28fbfedf7a. STATUS sent
2024-05-23 21:59 UTC - INFO - src.services.telnyx_service:check_delivery_status:28 - SUCCESSFULLY CHECKED TELNYX DELIVERY STATUS FOR - 40318fa6-d2c4-482f-be4b-9f28fbfedf7a. STATUS sent
2024-05-23 21:59 UTC - INFO - src.services.telnyx_service:check_delivery_status:28 - SUCCESSFULLY CHECKED TELNYX DELIVERY STATUS FOR - 40318fa6-d2c4-482f-be4b-9f28fbfedf7a. STATUS sent
2024-05-23 21:59 UTC - INFO - src.services.telnyx_service:check_delivery_status:28 - SUCCESSFULLY CHECKED TELNYX DELIVERY STATUS FOR - 40318fa6-d2c4-482f-be4b-9f28fbfedf7a. STATUS sent
2024-05-23 21:59 UTC - INFO - src.services.telnyx_service:check_delivery_status:28 - SUCCESSFULLY CHECKED TELNYX DELIVERY STATUS FOR - 40318fa6-d2c4-482f-be4b-9f28fbfedf7a. STATUS sent
2024-05-23 21:59 UTC - INFO - src.services.telnyx_service:check_delivery_status:28 - SUCCESSFULLY CHECKED TELNYX DELIVERY STATUS FOR - 40318fa6-d2c4-482f-be4b-9f28fbfedf7a. STATUS sent
2024-05-23 21:59 UTC - INFO - src.services.telnyx_service:check_delivery_status:28 - SUCCESSFULLY CHECKED TELNYX DELIVERY STATUS FOR - 40318fa6-d2c4-482f-be4b-9f28fbfedf7a. STATUS sent
2024-05-23 21:59 UTC - INFO - src.services.telnyx_service:check_delivery_status:28 - SUCCESSFULLY CHECKED TELNYX DELIVERY STATUS FOR - 40318fa6-d2c4-482f-be4b-9f28fbfedf7a. STATUS sent
2024-05-23 21:59 UTC - INFO - src.services.telnyx_service:check_delivery_status:28 - SUCCESSFULLY CHECKED TELNYX DELIVERY STATUS FOR - 40318fa6-d2c4-482f-be4b-9f28fbfedf7a. STATUS sent
2024-05-23 21:59 UTC - INFO - src.services.telnyx_service:check_delivery_status:28 - SUCCESSFULLY CHECKED TELNYX DELIVERY STATUS FOR - 40318fa6-d2c4-482f-be4b-9f28fbfedf7a. STATUS sent
2024-05-23 21:59 UTC - INFO - src.services.telnyx_service:check_delivery_status:28 - SUCCESSFULLY CHECKED TELNYX DELIVERY STATUS FOR - 40318fa6-d2c4-482f-be4b-9f28fbfedf7a. STATUS sent
2024-05-23 21:59 UTC - INFO - src.services.telnyx_service:check_delivery_status:28 - SUCCESSFULLY CHECKED TELNYX DELIVERY STATUS FOR - 40318fa6-d2c4-482f-be4b-9f28fbfedf7a. STATUS sent
2024-05-23 21:59 UTC - INFO - src.services.telnyx_service:check_delivery_status:28 - SUCCESSFULLY CHECKED TELNYX DELIVERY STATUS FOR - 40318fa6-d2c4-482f-be4b-9f28fbfedf7a. STATUS sent
2024-05-23 21:59 UTC - INFO - src.services.telnyx_service:check_delivery_status:28 - SUCCESSFULLY CHECKED TELNYX DELIVERY STATUS FOR - 40318fa6-d2c4-482f-be4b-9f28fbfedf7a. STATUS sent
2024-05-23 21:59 UTC - INFO - src.services.telnyx_service:check_delivery_status:28 - SUCCESSFULLY CHECKED TELNYX DELIVERY STATUS FOR - 40318fa6-d2c4-482f-be4b-9f28fbfedf7a. STATUS sent
2024-05-23 21:59 UTC - INFO - src.services.telnyx_service:check_delivery_status:28 - SUCCESSFULLY CHECKED TELNYX DELIVERY STATUS FOR - 40318fa6-d2c4-482f-be4b-9f28fbfedf7a. STATUS sent
2024-05-23 21:59 UTC - INFO - src.services.telnyx_service:check_delivery_status:28 - SUCCESSFULLY CHECKED TELNYX DELIVERY STATUS FOR - 40318fa6-d2c4-482f-be4b-9f28fbfedf7a. STATUS sent
2024-05-23 21:59 UTC - INFO - src.services.telnyx_service:check_delivery_status:28 - SUCCESSFULLY CHECKED TELNYX DELIVERY STATUS FOR - 40318fa6-d2c4-482f-be4b-9f28fbfedf7a. STATUS sent
2024-05-23 21:59 UTC - INFO - src.services.telnyx_service:check_delivery_status:28 - SUCCESSFULLY CHECKED TELNYX DELIVERY STATUS FOR - 40318fa6-d2c4-482f-be4b-9f28fbfedf7a. STATUS sent
2024-05-23 22:00 UTC - INFO - src.services.telnyx_service:check_delivery_status:28 - SUCCESSFULLY CHECKED TELNYX DELIVERY STATUS FOR - 40318fa6-d2c4-482f-be4b-9f28fbfedf7a. STATUS delivered
2024-05-23 22:00 UTC - INFO - src.services.telnyx_service:check_delivery_status:28 - SUCCESSFULLY CHECKED TELNYX DELIVERY STATUS FOR - 40318fa6-d2c4-482f-be4b-9f28fbfedf7a. STATUS delivered
2024-05-23 22:00 UTC - INFO - src.services.telnyx_service:check_delivery_status:28 - SUCCESSFULLY CHECKED TELNYX DELIVERY STATUS FOR - 40318fa6-d2c4-482f-be4b-9f28fbfedf7a. STATUS delivered
2024-05-23 22:00 UTC - INFO - src.services.telnyx_service:check_delivery_status:28 - SUCCESSFULLY CHECKED TELNYX DELIVERY STATUS FOR - 40318fa6-d2c4-482f-be4b-9f28fbfedf7a. STATUS delivered
2024-05-23 22:00 UTC - INFO - src.services.telnyx_service:check_delivery_status:28 - SUCCESSFULLY CHECKED TELNYX DELIVERY STATUS FOR - 40318fa6-d2c4-482f-be4b-9f28fbfedf7a. STATUS delivered
2024-05-23 22:00 UTC - INFO - src.services.telnyx_service:check_delivery_status:28 - SUCCESSFULLY CHECKED TELNYX DELIVERY STATUS FOR - 40318fa6-d2c4-482f-be4b-9f28fbfedf7a. STATUS delivered
2024-05-23 22:00 UTC - INFO - src.services.telnyx_service:check_delivery_status:28 - SUCCESSFULLY CHECKED TELNYX DELIVERY STATUS FOR - 40318fa6-d2c4-482f-be4b-9f28fbfedf7a. STATUS delivered
2024-05-23 22:01 UTC - INFO - src.services.telnyx_service:check_delivery_status:28 - SUCCESSFULLY CHECKED TELNYX DELIVERY STATUS FOR - 40318fa6-d2c4-482f-be4b-9f28fbfedf7a. STATUS delivered
2024-05-23 22:01 UTC - INFO - src.services.telnyx_service:check_delivery_status:28 - SUCCESSFULLY CHECKED TELNYX DELIVERY STATUS FOR - 40318fa6-d2c4-482f-be4b-9f28fbfedf7a. STATUS delivered
2024-05-23 22:01 UTC - INFO - src.services.telnyx_service:check_delivery_status:28 - SUCCESSFULLY CHECKED TELNYX DELIVERY STATUS FOR - 40318fa6-d2c4-482f-be4b-9f28fbfedf7a. STATUS delivered
2024-05-23 22:01 UTC - INFO - src.services.telnyx_service:check_delivery_status:28 - SUCCESSFULLY CHECKED TELNYX DELIVERY STATUS FOR - 40318fa6-d2c4-482f-be4b-9f28fbfedf7a. STATUS delivered
2024-05-23 22:01 UTC - INFO - src.services.telnyx_service:check_delivery_status:28 - SUCCESSFULLY CHECKED TELNYX DELIVERY STATUS FOR - 40318fa6-d2c4-482f-be4b-9f28fbfedf7a. STATUS delivered
2024-05-23 22:01 UTC - INFO - src.services.telnyx_service:check_delivery_status:28 - SUCCESSFULLY CHECKED TELNYX DELIVERY STATUS FOR - 40318fa6-d2c4-482f-be4b-9f28fbfedf7a. STATUS delivered
2024-05-24 09:35 UTC - INFO - __main__:index_view:11 - INDEX ENDPOINT TRIGGERED
2024-05-24 10:03 UTC - INFO - src.services.telnyx_service:check_delivery_status:28 - SUCCESSFULLY CHECKED TELNYX DELIVERY STATUS FOR - 40318fa6-d2c4-482f-be4b-9f28fbfedf7a. STATUS delivered
2024-05-24 10:03 UTC - INFO - src.services.telnyx_service:check_delivery_status:28 - SUCCESSFULLY CHECKED TELNYX DELIVERY STATUS FOR - 40318fa6-d2c4-482f-be4b-9f28fbfedf7a. STATUS delivered
2024-05-24 10:03 UTC - INFO - src.services.telnyx_service:check_delivery_status:28 - SUCCESSFULLY CHECKED TELNYX DELIVERY STATUS FOR - 40318fa6-d2c4-482f-be4b-9f28fbfedf7a. STATUS delivered
2024-05-24 10:03 UTC - INFO - src.services.telnyx_service:check_delivery_status:28 - SUCCESSFULLY CHECKED TELNYX DELIVERY STATUS FOR - 40318fa6-d2c4-482f-be4b-9f28fbfedf7a. STATUS delivered
2024-05-24 10:03 UTC - INFO - src.services.telnyx_service:check_delivery_status:28 - SUCCESSFULLY CHECKED TELNYX DELIVERY STATUS FOR - 40318fa6-d2c4-482f-be4b-9f28fbfedf7a. STATUS delivered
2024-05-24 10:03 UTC - INFO - src.services.telnyx_service:check_delivery_status:28 - SUCCESSFULLY CHECKED TELNYX DELIVERY STATUS FOR - 40318fa6-d2c4-482f-be4b-9f28fbfedf7a. STATUS delivered
2024-05-24 10:03 UTC - INFO - src.services.telnyx_service:check_delivery_status:28 - SUCCESSFULLY CHECKED TELNYX DELIVERY STATUS FOR - 40318fa6-d2c4-482f-be4b-9f28fbfedf7a. STATUS delivered
2024-05-24 10:04 UTC - INFO - src.services.telnyx_service:check_delivery_status:28 - SUCCESSFULLY CHECKED TELNYX DELIVERY STATUS FOR - 40318fa6-d2c4-482f-be4b-9f28fbfedf7a. STATUS delivered
2024-05-24 10:04 UTC - INFO - src.services.telnyx_service:check_delivery_status:28 - SUCCESSFULLY CHECKED TELNYX DELIVERY STATUS FOR - 40318fa6-d2c4-482f-be4b-9f28fbfedf7a. STATUS delivered
2024-05-24 10:04 UTC - INFO - src.services.telnyx_service:check_delivery_status:28 - SUCCESSFULLY CHECKED TELNYX DELIVERY STATUS FOR - 40318fa6-d2c4-482f-be4b-9f28fbfedf7a. STATUS delivered
2024-05-24 10:04 UTC - INFO - src.services.telnyx_service:check_delivery_status:28 - SUCCESSFULLY CHECKED TELNYX DELIVERY STATUS FOR - 40318fa6-d2c4-482f-be4b-9f28fbfedf7a. STATUS delivered
2024-05-24 10:04 UTC - INFO - src.services.telnyx_service:check_delivery_status:28 - SUCCESSFULLY CHECKED TELNYX DELIVERY STATUS FOR - 40318fa6-d2c4-482f-be4b-9f28fbfedf7a. STATUS delivered
2024-05-24 10:04 UTC - INFO - src.services.telnyx_service:check_delivery_status:28 - SUCCESSFULLY CHECKED TELNYX DELIVERY STATUS FOR - 40318fa6-d2c4-482f-be4b-9f28fbfedf7a. STATUS delivered
2024-05-24 10:04 UTC - INFO - src.services.telnyx_service:check_delivery_status:28 - SUCCESSFULLY CHECKED TELNYX DELIVERY STATUS FOR - 40318fa6-d2c4-482f-be4b-9f28fbfedf7a. STATUS delivered
2024-05-24 10:04 UTC - INFO - src.services.telnyx_service:check_delivery_status:28 - SUCCESSFULLY CHECKED TELNYX DELIVERY STATUS FOR - 40318fa6-d2c4-482f-be4b-9f28fbfedf7a. STATUS delivered
2024-05-24 10:04 UTC - INFO - src.services.telnyx_service:check_delivery_status:28 - SUCCESSFULLY CHECKED TELNYX DELIVERY STATUS FOR - 40318fa6-d2c4-482f-be4b-9f28fbfedf7a. STATUS delivered
2024-05-24 10:04 UTC - INFO - src.services.telnyx_service:check_delivery_status:28 - SUCCESSFULLY CHECKED TELNYX DELIVERY STATUS FOR - 40318fa6-d2c4-482f-be4b-9f28fbfedf7a. STATUS delivered
2024-05-24 10:05 UTC - INFO - src.services.telnyx_service:check_delivery_status:28 - SUCCESSFULLY CHECKED TELNYX DELIVERY STATUS FOR - 40318fa6-d2c4-482f-be4b-9f28fbfedf7a. STATUS delivered
2024-05-24 10:05 UTC - INFO - src.services.telnyx_service:check_delivery_status:28 - SUCCESSFULLY CHECKED TELNYX DELIVERY STATUS FOR - 40318fa6-d2c4-482f-be4b-9f28fbfedf7a. STATUS delivered
2024-05-24 10:05 UTC - INFO - src.services.telnyx_service:check_delivery_status:28 - SUCCESSFULLY CHECKED TELNYX DELIVERY STATUS FOR - 40318fa6-d2c4-482f-be4b-9f28fbfedf7a. STATUS delivered
2024-05-24 10:05 UTC - INFO - src.services.telnyx_service:check_delivery_status:28 - SUCCESSFULLY CHECKED TELNYX DELIVERY STATUS FOR - 40318fa6-d2c4-482f-be4b-9f28fbfedf7a. STATUS delivered
2024-05-24 11:38 UTC - INFO - src.utils.utils:format_phone_number:57 - FORMATTED PHONE NUMBER -- FROM - +380671063738 - TO - +380671063738
2024-05-24 11:38 UTC - INFO - src.services.telnyx_service:send_sms:44 - SUCCESSFULLY SENT TELNYX MESSAGE TO +380671063738.
                        MESSAGE ID: 40318fa9-c01c-4e0f-8996-27bd8e6ce3cf
2024-05-24 11:38 UTC - INFO - __main__:telnyx_sender:21 - TELNYX CONTACT UPDATED SUCCESSFULLY!!! ^_^
2024-05-24 11:38 UTC - INFO - src.services.telnyx_service:check_delivery_status:27 - SUCCESSFULLY CHECKED TELNYX DELIVERY STATUS FOR - 40318fa9-c01c-4e0f-8996-27bd8e6ce3cf. STATUS sent
2024-05-24 11:38 UTC - INFO - src.services.telnyx_service:check_delivery_status:27 - SUCCESSFULLY CHECKED TELNYX DELIVERY STATUS FOR - 40318fa9-c01c-4e0f-8996-27bd8e6ce3cf. STATUS sent
2024-05-24 11:38 UTC - INFO - src.services.telnyx_service:check_delivery_status:27 - SUCCESSFULLY CHECKED TELNYX DELIVERY STATUS FOR - 40318fa9-c01c-4e0f-8996-27bd8e6ce3cf. STATUS sent
2024-05-24 11:38 UTC - INFO - src.services.telnyx_service:check_delivery_status:27 - SUCCESSFULLY CHECKED TELNYX DELIVERY STATUS FOR - 40318fa9-c01c-4e0f-8996-27bd8e6ce3cf. STATUS sent
2024-05-24 11:38 UTC - INFO - src.services.telnyx_service:check_delivery_status:27 - SUCCESSFULLY CHECKED TELNYX DELIVERY STATUS FOR - 40318fa9-c01c-4e0f-8996-27bd8e6ce3cf. STATUS sent
2024-05-24 11:38 UTC - ERROR - src.services.telnyx_service:check_delivery_status:29 - FAIL TO CHECK TELNYX DELIVERY STATUS. ERROR:  upstream connect error or disconnect/reset before headers. reset reason: connection failure
2024-05-24 11:38 UTC - INFO - src.services.telnyx_service:check_delivery_status:27 - SUCCESSFULLY CHECKED TELNYX DELIVERY STATUS FOR - 40318fa9-c01c-4e0f-8996-27bd8e6ce3cf. STATUS sent
2024-05-24 11:38 UTC - INFO - src.services.telnyx_service:check_delivery_status:27 - SUCCESSFULLY CHECKED TELNYX DELIVERY STATUS FOR - 40318fa9-c01c-4e0f-8996-27bd8e6ce3cf. STATUS sent
2024-05-24 11:38 UTC - INFO - src.services.telnyx_service:check_delivery_status:27 - SUCCESSFULLY CHECKED TELNYX DELIVERY STATUS FOR - 40318fa9-c01c-4e0f-8996-27bd8e6ce3cf. STATUS sent
2024-05-24 11:38 UTC - INFO - src.services.telnyx_service:check_delivery_status:27 - SUCCESSFULLY CHECKED TELNYX DELIVERY STATUS FOR - 40318fa9-c01c-4e0f-8996-27bd8e6ce3cf. STATUS sent
2024-05-24 11:38 UTC - INFO - src.services.telnyx_service:check_delivery_status:27 - SUCCESSFULLY CHECKED TELNYX DELIVERY STATUS FOR - 40318fa9-c01c-4e0f-8996-27bd8e6ce3cf. STATUS sent
2024-05-24 11:38 UTC - INFO - src.services.telnyx_service:check_delivery_status:27 - SUCCESSFULLY CHECKED TELNYX DELIVERY STATUS FOR - 40318fa9-c01c-4e0f-8996-27bd8e6ce3cf. STATUS sent
2024-05-24 11:38 UTC - INFO - src.services.telnyx_service:check_delivery_status:27 - SUCCESSFULLY CHECKED TELNYX DELIVERY STATUS FOR - 40318fa9-c01c-4e0f-8996-27bd8e6ce3cf. STATUS sent
2024-05-24 11:38 UTC - INFO - src.services.telnyx_service:check_delivery_status:27 - SUCCESSFULLY CHECKED TELNYX DELIVERY STATUS FOR - 40318fa9-c01c-4e0f-8996-27bd8e6ce3cf. STATUS sent
2024-05-24 11:38 UTC - INFO - src.services.telnyx_service:check_delivery_status:27 - SUCCESSFULLY CHECKED TELNYX DELIVERY STATUS FOR - 40318fa9-c01c-4e0f-8996-27bd8e6ce3cf. STATUS sent
2024-05-24 11:38 UTC - INFO - src.services.telnyx_service:check_delivery_status:27 - SUCCESSFULLY CHECKED TELNYX DELIVERY STATUS FOR - 40318fa9-c01c-4e0f-8996-27bd8e6ce3cf. STATUS delivered
2024-05-24 13:17 UTC - INFO - src.services.telnyx_service:check_delivery_status:27 - SUCCESSFULLY CHECKED TELNYX DELIVERY STATUS FOR - 40318fa9-c01c-4e0f-8996-27bd8e6ce3cf. STATUS delivered
2024-05-24 13:17 UTC - INFO - src.utils.utils:format_phone_number:57 - FORMATTED PHONE NUMBER -- FROM - +380671063738 - TO - +380671063738
2024-05-24 13:17 UTC - INFO - src.services.telnyx_service:send_sms:44 - SUCCESSFULLY SENT TELNYX MESSAGE TO +380671063738.
                        MESSAGE ID: 40318faa-1ac7-4ccb-909d-6e57a139205e
2024-05-24 13:17 UTC - INFO - __main__:telnyx_sender:21 - TELNYX CONTACT UPDATED SUCCESSFULLY!!! ^_^
2024-05-24 13:17 UTC - INFO - src.services.telnyx_service:check_delivery_status:27 - SUCCESSFULLY CHECKED TELNYX DELIVERY STATUS FOR - 40318faa-1ac7-4ccb-909d-6e57a139205e. STATUS sent
2024-05-24 13:17 UTC - INFO - src.services.telnyx_service:check_delivery_status:27 - SUCCESSFULLY CHECKED TELNYX DELIVERY STATUS FOR - 40318faa-1ac7-4ccb-909d-6e57a139205e. STATUS sent
2024-05-24 13:17 UTC - INFO - src.services.telnyx_service:check_delivery_status:27 - SUCCESSFULLY CHECKED TELNYX DELIVERY STATUS FOR - 40318faa-1ac7-4ccb-909d-6e57a139205e. STATUS sent
2024-05-24 13:17 UTC - INFO - src.services.telnyx_service:check_delivery_status:27 - SUCCESSFULLY CHECKED TELNYX DELIVERY STATUS FOR - 40318faa-1ac7-4ccb-909d-6e57a139205e. STATUS sent
2024-05-24 13:17 UTC - INFO - src.services.telnyx_service:check_delivery_status:27 - SUCCESSFULLY CHECKED TELNYX DELIVERY STATUS FOR - 40318faa-1ac7-4ccb-909d-6e57a139205e. STATUS sent
2024-05-24 13:17 UTC - INFO - src.services.telnyx_service:check_delivery_status:27 - SUCCESSFULLY CHECKED TELNYX DELIVERY STATUS FOR - 40318faa-1ac7-4ccb-909d-6e57a139205e. STATUS sent
2024-05-24 13:17 UTC - INFO - src.services.telnyx_service:check_delivery_status:27 - SUCCESSFULLY CHECKED TELNYX DELIVERY STATUS FOR - 40318faa-1ac7-4ccb-909d-6e57a139205e. STATUS sent
2024-05-24 13:17 UTC - INFO - src.services.telnyx_service:check_delivery_status:27 - SUCCESSFULLY CHECKED TELNYX DELIVERY STATUS FOR - 40318faa-1ac7-4ccb-909d-6e57a139205e. STATUS sent
2024-05-24 13:17 UTC - INFO - src.services.telnyx_service:check_delivery_status:27 - SUCCESSFULLY CHECKED TELNYX DELIVERY STATUS FOR - 40318faa-1ac7-4ccb-909d-6e57a139205e. STATUS sent
2024-05-24 13:17 UTC - INFO - src.services.telnyx_service:check_delivery_status:27 - SUCCESSFULLY CHECKED TELNYX DELIVERY STATUS FOR - 40318faa-1ac7-4ccb-909d-6e57a139205e. STATUS sent
2024-05-24 13:17 UTC - INFO - src.services.telnyx_service:check_delivery_status:27 - SUCCESSFULLY CHECKED TELNYX DELIVERY STATUS FOR - 40318faa-1ac7-4ccb-909d-6e57a139205e. STATUS sent
2024-05-24 13:17 UTC - INFO - src.services.telnyx_service:check_delivery_status:27 - SUCCESSFULLY CHECKED TELNYX DELIVERY STATUS FOR - 40318faa-1ac7-4ccb-909d-6e57a139205e. STATUS sent
2024-05-24 13:17 UTC - INFO - src.services.telnyx_service:check_delivery_status:27 - SUCCESSFULLY CHECKED TELNYX DELIVERY STATUS FOR - 40318faa-1ac7-4ccb-909d-6e57a139205e. STATUS sent
2024-05-24 13:17 UTC - INFO - src.services.telnyx_service:check_delivery_status:27 - SUCCESSFULLY CHECKED TELNYX DELIVERY STATUS FOR - 40318faa-1ac7-4ccb-909d-6e57a139205e. STATUS sent
2024-05-24 13:17 UTC - INFO - src.services.telnyx_service:check_delivery_status:27 - SUCCESSFULLY CHECKED TELNYX DELIVERY STATUS FOR - 40318faa-1ac7-4ccb-909d-6e57a139205e. STATUS sent
2024-05-24 13:17 UTC - INFO - src.services.telnyx_service:check_delivery_status:27 - SUCCESSFULLY CHECKED TELNYX DELIVERY STATUS FOR - 40318faa-1ac7-4ccb-909d-6e57a139205e. STATUS sent
2024-05-24 13:17 UTC - INFO - src.services.telnyx_service:check_delivery_status:27 - SUCCESSFULLY CHECKED TELNYX DELIVERY STATUS FOR - 40318faa-1ac7-4ccb-909d-6e57a139205e. STATUS sent
2024-05-24 13:17 UTC - INFO - src.services.telnyx_service:check_delivery_status:27 - SUCCESSFULLY CHECKED TELNYX DELIVERY STATUS FOR - 40318faa-1ac7-4ccb-909d-6e57a139205e. STATUS sent
2024-05-24 13:17 UTC - INFO - src.services.telnyx_service:check_delivery_status:27 - SUCCESSFULLY CHECKED TELNYX DELIVERY STATUS FOR - 40318faa-1ac7-4ccb-909d-6e57a139205e. STATUS sent
2024-05-24 13:17 UTC - INFO - src.services.telnyx_service:check_delivery_status:27 - SUCCESSFULLY CHECKED TELNYX DELIVERY STATUS FOR - 40318faa-1ac7-4ccb-909d-6e57a139205e. STATUS sent
2024-05-24 13:17 UTC - INFO - src.services.telnyx_service:check_delivery_status:27 - SUCCESSFULLY CHECKED TELNYX DELIVERY STATUS FOR - 40318faa-1ac7-4ccb-909d-6e57a139205e. STATUS sent
2024-05-24 13:17 UTC - INFO - src.services.telnyx_service:check_delivery_status:27 - SUCCESSFULLY CHECKED TELNYX DELIVERY STATUS FOR - 40318faa-1ac7-4ccb-909d-6e57a139205e. STATUS sent
2024-05-24 13:17 UTC - INFO - src.services.telnyx_service:check_delivery_status:27 - SUCCESSFULLY CHECKED TELNYX DELIVERY STATUS FOR - 40318faa-1ac7-4ccb-909d-6e57a139205e. STATUS sent
2024-05-24 13:17 UTC - INFO - src.services.telnyx_service:check_delivery_status:27 - SUCCESSFULLY CHECKED TELNYX DELIVERY STATUS FOR - 40318faa-1ac7-4ccb-909d-6e57a139205e. STATUS sent
2024-05-24 13:17 UTC - INFO - src.services.telnyx_service:check_delivery_status:27 - SUCCESSFULLY CHECKED TELNYX DELIVERY STATUS FOR - 40318faa-1ac7-4ccb-909d-6e57a139205e. STATUS sent
2024-05-24 13:17 UTC - INFO - src.services.telnyx_service:check_delivery_status:27 - SUCCESSFULLY CHECKED TELNYX DELIVERY STATUS FOR - 40318faa-1ac7-4ccb-909d-6e57a139205e. STATUS sent
2024-05-24 13:17 UTC - INFO - src.services.telnyx_service:check_delivery_status:27 - SUCCESSFULLY CHECKED TELNYX DELIVERY STATUS FOR - 40318faa-1ac7-4ccb-909d-6e57a139205e. STATUS sent
2024-05-24 13:17 UTC - INFO - src.services.telnyx_service:check_delivery_status:27 - SUCCESSFULLY CHECKED TELNYX DELIVERY STATUS FOR - 40318faa-1ac7-4ccb-909d-6e57a139205e. STATUS sent
2024-05-24 13:17 UTC - INFO - src.services.telnyx_service:check_delivery_status:27 - SUCCESSFULLY CHECKED TELNYX DELIVERY STATUS FOR - 40318faa-1ac7-4ccb-909d-6e57a139205e. STATUS sent
2024-05-24 13:17 UTC - ERROR - src.services.telnyx_service:check_delivery_status:29 - FAIL TO CHECK TELNYX DELIVERY STATUS. ERROR:  {
  "errors": [
    {
      "code": "40303",
      "title": "Message not found",
      "detail": "The message with ID 40318faa-1ac7-4ccb-909d-6e57a139205e was not found.",
      "meta": {
        "url": "https://developers.telnyx.com/docs/overview/errors/40303"
      }
    }
  ]
}
2024-05-24 13:17 UTC - INFO - src.utils.utils:format_phone_number:57 - FORMATTED PHONE NUMBER -- FROM - +380671063738 - TO - +380671063738
2024-05-24 13:17 UTC - INFO - src.services.telnyx_service:send_sms:44 - SUCCESSFULLY SENT TELNYX MESSAGE TO +380671063738.
                        MESSAGE ID: 40318faa-1b46-43bb-941a-3ee224f37342
2024-05-24 13:17 UTC - INFO - __main__:telnyx_sender:21 - TELNYX CONTACT UPDATED SUCCESSFULLY!!! ^_^
2024-05-24 13:17 UTC - INFO - src.services.telnyx_service:check_delivery_status:27 - SUCCESSFULLY CHECKED TELNYX DELIVERY STATUS FOR - 40318faa-1b46-43bb-941a-3ee224f37342. STATUS sent
2024-05-24 13:17 UTC - INFO - src.services.telnyx_service:check_delivery_status:27 - SUCCESSFULLY CHECKED TELNYX DELIVERY STATUS FOR - 40318faa-1b46-43bb-941a-3ee224f37342. STATUS sent
2024-05-24 13:17 UTC - INFO - src.services.telnyx_service:check_delivery_status:27 - SUCCESSFULLY CHECKED TELNYX DELIVERY STATUS FOR - 40318faa-1b46-43bb-941a-3ee224f37342. STATUS sent
2024-05-24 13:17 UTC - INFO - src.services.telnyx_service:check_delivery_status:27 - SUCCESSFULLY CHECKED TELNYX DELIVERY STATUS FOR - 40318faa-1b46-43bb-941a-3ee224f37342. STATUS sent
2024-05-24 13:17 UTC - INFO - src.services.telnyx_service:check_delivery_status:27 - SUCCESSFULLY CHECKED TELNYX DELIVERY STATUS FOR - 40318faa-1b46-43bb-941a-3ee224f37342. STATUS sent
2024-05-24 13:17 UTC - INFO - src.services.telnyx_service:check_delivery_status:27 - SUCCESSFULLY CHECKED TELNYX DELIVERY STATUS FOR - 40318faa-1b46-43bb-941a-3ee224f37342. STATUS sent
2024-05-24 13:17 UTC - INFO - src.services.telnyx_service:check_delivery_status:27 - SUCCESSFULLY CHECKED TELNYX DELIVERY STATUS FOR - 40318faa-1b46-43bb-941a-3ee224f37342. STATUS sent
2024-05-24 13:17 UTC - INFO - src.services.telnyx_service:check_delivery_status:27 - SUCCESSFULLY CHECKED TELNYX DELIVERY STATUS FOR - 40318faa-1b46-43bb-941a-3ee224f37342. STATUS sent
2024-05-24 13:17 UTC - INFO - src.services.telnyx_service:check_delivery_status:27 - SUCCESSFULLY CHECKED TELNYX DELIVERY STATUS FOR - 40318faa-1b46-43bb-941a-3ee224f37342. STATUS sent
2024-05-24 13:17 UTC - INFO - src.services.telnyx_service:check_delivery_status:27 - SUCCESSFULLY CHECKED TELNYX DELIVERY STATUS FOR - 40318faa-1b46-43bb-941a-3ee224f37342. STATUS sent
2024-05-24 13:17 UTC - INFO - src.services.telnyx_service:check_delivery_status:27 - SUCCESSFULLY CHECKED TELNYX DELIVERY STATUS FOR - 40318faa-1b46-43bb-941a-3ee224f37342. STATUS sent
2024-05-24 13:17 UTC - INFO - src.services.telnyx_service:check_delivery_status:27 - SUCCESSFULLY CHECKED TELNYX DELIVERY STATUS FOR - 40318faa-1b46-43bb-941a-3ee224f37342. STATUS sent
2024-05-24 13:17 UTC - INFO - src.services.telnyx_service:check_delivery_status:27 - SUCCESSFULLY CHECKED TELNYX DELIVERY STATUS FOR - 40318faa-1b46-43bb-941a-3ee224f37342. STATUS sent
2024-05-24 13:17 UTC - INFO - src.services.telnyx_service:check_delivery_status:27 - SUCCESSFULLY CHECKED TELNYX DELIVERY STATUS FOR - 40318faa-1b46-43bb-941a-3ee224f37342. STATUS sent
2024-05-24 13:17 UTC - INFO - src.services.telnyx_service:check_delivery_status:27 - SUCCESSFULLY CHECKED TELNYX DELIVERY STATUS FOR - 40318faa-1b46-43bb-941a-3ee224f37342. STATUS sent
2024-05-24 13:17 UTC - INFO - src.services.telnyx_service:check_delivery_status:27 - SUCCESSFULLY CHECKED TELNYX DELIVERY STATUS FOR - 40318faa-1b46-43bb-941a-3ee224f37342. STATUS sent
2024-05-24 13:17 UTC - INFO - src.services.telnyx_service:check_delivery_status:27 - SUCCESSFULLY CHECKED TELNYX DELIVERY STATUS FOR - 40318faa-1b46-43bb-941a-3ee224f37342. STATUS sent
2024-05-24 13:18 UTC - INFO - src.utils.utils:format_phone_number:57 - FORMATTED PHONE NUMBER -- FROM - +380671063738 - TO - +380671063738
2024-05-24 13:18 UTC - INFO - src.services.telnyx_service:send_sms:44 - SUCCESSFULLY SENT TELNYX MESSAGE TO +380671063738.
                        MESSAGE ID: 40318faa-1bd7-4a4b-b96c-4c59198deb15
2024-05-24 13:18 UTC - INFO - __main__:telnyx_sender:21 - TELNYX CONTACT UPDATED SUCCESSFULLY!!! ^_^
2024-05-24 13:18 UTC - INFO - src.services.telnyx_service:check_delivery_status:27 - SUCCESSFULLY CHECKED TELNYX DELIVERY STATUS FOR - 40318faa-1bd7-4a4b-b96c-4c59198deb15. STATUS sent
2024-05-24 13:18 UTC - INFO - src.services.telnyx_service:check_delivery_status:27 - SUCCESSFULLY CHECKED TELNYX DELIVERY STATUS FOR - 40318faa-1bd7-4a4b-b96c-4c59198deb15. STATUS delivery_failed
2024-05-24 13:27 UTC - INFO - src.utils.utils:format_phone_number:57 - FORMATTED PHONE NUMBER -- FROM - +380671063738 - TO - +380671063738
2024-05-27 10:39 UTC - INFO - src.utils.utils:format_phone_number:57 - FORMATTED PHONE NUMBER -- FROM - +380671063738 - TO - +380671063738
2024-05-27 10:39 UTC - ERROR - src.services.telnyx_api:send_sms:49 - FAIL TO SEND TELNYX MESSAGE. ERROR: {
  "errors": [
    {
      "code": "10010",
      "title": "Authorization failed",
      "detail": "Sending phone number '+16297580157' is not associated with the account '279c618d-f76a-441b-861e-376ea14716e2'.",
      "meta": {
        "url": "https://developers.telnyx.com/docs/overview/errors/10010"
      }
    }
  ]
}
2024-05-27 10:39 UTC - INFO - src.services.telnyx_api:check_delivery_status:27 - SUCCESSFULLY CHECKED TELNYX DELIVERY STATUS FOR - 40318faa-1bd7-4a4b-b96c-4c59198deb15.
                        STATUS delivery_failed
2024-05-27 10:42 UTC - INFO - src.utils.utils:format_phone_number:57 - FORMATTED PHONE NUMBER -- FROM - +380671063738 - TO - +380671063738
2024-05-27 10:42 UTC - ERROR - src.services.telnyx_api:send_sms:49 - FAIL TO SEND TELNYX MESSAGE. ERROR: {
  "errors": [
    {
      "code": "10010",
      "title": "Authorization failed",
      "detail": "Sending phone number '+19016761096' is not associated with the account '279c618d-f76a-441b-861e-376ea14716e2'.",
      "meta": {
        "url": "https://developers.telnyx.com/docs/overview/errors/10010"
      }
    }
  ]
}
2024-05-27 10:42 UTC - INFO - src.services.telnyx_api:check_delivery_status:27 - SUCCESSFULLY CHECKED TELNYX DELIVERY STATUS FOR - 40318faa-1bd7-4a4b-b96c-4c59198deb15.
                        STATUS delivery_failed
2024-05-27 10:43 UTC - INFO - src.utils.utils:format_phone_number:57 - FORMATTED PHONE NUMBER -- FROM - +380671063738 - TO - +380671063738
2024-05-27 10:43 UTC - ERROR - src.services.telnyx_api:send_sms:49 - FAIL TO SEND TELNYX MESSAGE. ERROR: {
  "errors": [
    {
      "code": "40305",
      "title": "Invalid 'from' address",
      "detail": "The 'from' address should be string containing a valid number associated with the sending messaging profile.",
      "meta": {
        "url": "https://developers.telnyx.com/docs/overview/errors/40305"
      }
    }
  ]
}
2024-05-27 10:43 UTC - ERROR - src.services.telnyx_api:check_delivery_status:30 - FAIL TO CHECK TELNYX DELIVERY STATUS. ERROR:  {
  "errors": [
    {
      "code": "40303",
      "title": "Message not found",
      "detail": "The message with ID 40318faa-1bd7-4a4b-b96c-4c59198deb15 was not found.",
      "meta": {
        "url": "https://developers.telnyx.com/docs/overview/errors/40303"
      }
    }
  ]
}
2024-05-27 10:45 UTC - INFO - src.utils.utils:format_phone_number:57 - FORMATTED PHONE NUMBER -- FROM - +380671063738 - TO - +380671063738
2024-05-27 10:45 UTC - ERROR - src.services.telnyx_api:send_sms:49 - FAIL TO SEND TELNYX MESSAGE. ERROR: {
  "errors": [
    {
      "code": "40305",
      "title": "Invalid 'from' address",
      "detail": "The 'from' address should be string containing a valid number associated with the sending messaging profile.",
      "meta": {
        "url": "https://developers.telnyx.com/docs/overview/errors/40305"
      }
    }
  ]
}
2024-05-27 10:45 UTC - ERROR - src.services.telnyx_api:check_delivery_status:30 - FAIL TO CHECK TELNYX DELIVERY STATUS. ERROR:  {
  "errors": [
    {
      "code": "40303",
      "title": "Message not found",
      "detail": "The message with ID 40318faa-1bd7-4a4b-b96c-4c59198deb15 was not found.",
      "meta": {
        "url": "https://developers.telnyx.com/docs/overview/errors/40303"
      }
    }
  ]
}
2024-05-27 10:47 UTC - INFO - src.utils.utils:format_phone_number:57 - FORMATTED PHONE NUMBER -- FROM - +380671063738 - TO - +380671063738
2024-05-27 10:47 UTC - ERROR - src.services.telnyx_api:send_sms:50 - FAIL TO SEND TELNYX MESSAGE. ERROR: {
  "errors": [
    {
      "code": "40305",
      "title": "Invalid 'from' address",
      "detail": "The 'from' address should be string containing a valid number associated with the sending messaging profile.",
      "meta": {
        "url": "https://developers.telnyx.com/docs/overview/errors/40305"
      }
    }
  ]
}
2024-05-27 10:47 UTC - ERROR - src.services.telnyx_api:check_delivery_status:31 - FAIL TO CHECK TELNYX DELIVERY STATUS. ERROR:  {
  "errors": [
    {
      "code": "40303",
      "title": "Message not found",
      "detail": "The message with ID 40318faa-1bd7-4a4b-b96c-4c59198deb15 was not found.",
      "meta": {
        "url": "https://developers.telnyx.com/docs/overview/errors/40303"
      }
    }
  ]
}
2024-05-27 10:49 UTC - INFO - src.utils.utils:format_phone_number:57 - FORMATTED PHONE NUMBER -- FROM - +380671063738 - TO - +380671063738
2024-05-27 10:49 UTC - ERROR - src.services.telnyx_api:send_sms:50 - FAIL TO SEND TELNYX MESSAGE. ERROR: {
  "errors": [
    {
      "code": "40305",
      "title": "Invalid 'from' address",
      "detail": "The 'from' address should be string containing a valid number associated with the sending messaging profile.",
      "meta": {
        "url": "https://developers.telnyx.com/docs/overview/errors/40305"
      }
    }
  ]
}
2024-05-27 10:49 UTC - ERROR - src.services.telnyx_api:check_delivery_status:31 - FAIL TO CHECK TELNYX DELIVERY STATUS. ERROR:  {
  "errors": [
    {
      "code": "40303",
      "title": "Message not found",
      "detail": "The message with ID 40318faa-1bd7-4a4b-b96c-4c59198deb15 was not found.",
      "meta": {
        "url": "https://developers.telnyx.com/docs/overview/errors/40303"
      }
    }
  ]
}
2024-05-27 10:52 UTC - ERROR - src.services.ghl_api:get_contact_list:83 - FAIL TO GET CONTACTS LIST
2024-05-27 10:53 UTC - ERROR - src.services.ghl_api:get_contact_list:83 - FAIL TO GET CONTACTS LIST: {"statusCode":403,"message":"The token does not have access to this location."}
2024-05-27 11:05 UTC - ERROR - src.services.ghl_api:get_contact_list:83 - FAIL TO GET CONTACTS LIST: {"statusCode":403,"message":"The token does not have access to this location."}
2024-05-27 11:06 UTC - ERROR - src.services.ghl_api:get_contact_list:83 - FAIL TO GET CONTACTS LIST: {"statusCode":403,"message":"The token does not have access to this location."}
2024-05-27 11:11 UTC - ERROR - src.services.ghl_api:get_contact_list:83 - FAIL TO GET CONTACTS LIST: {"statusCode":403,"message":"The token does not have access to this location."}
2024-05-27 11:17 UTC - ERROR - src.services.ghl_api:get_contact_list:83 - FAIL TO GET CONTACTS LIST: {"statusCode":403,"message":"The token does not have access to this location."}
2024-05-27 11:21 UTC - INFO - src.services.ghl_api:get_contact_list:81 - SUCCESSFULLY GOT CONTACTS LIST
2024-05-27 11:21 UTC - INFO - src.services.ghl_api:get_contact_list:81 - SUCCESSFULLY GOT CONTACTS LIST
2024-05-27 11:24 UTC - INFO - src.services.ghl_api:get_contact_list:81 - SUCCESSFULLY GOT CONTACTS LIST
2024-05-27 11:29 UTC - INFO - src.services.ghl_api:get_contact_list:81 - SUCCESSFULLY GOT CONTACTS LIST
2024-05-27 11:29 UTC - INFO - src.utils.utils:format_phone_number:57 - FORMATTED PHONE NUMBER -- FROM - +17404461111 - TO - +17404461111
2024-05-27 11:29 UTC - ERROR - src.services.telnyx_api:send_sms:50 - FAIL TO SEND TELNYX MESSAGE. ERROR: {
  "errors": [
    {
      "code": "40305",
      "title": "Invalid 'from' address",
      "detail": "The 'from' address should be string containing a valid number associated with the sending messaging profile.",
      "meta": {
        "url": "https://developers.telnyx.com/docs/overview/errors/40305"
      }
    }
  ]
}
